app/build/intermediates/manifest_merge_blame_file/debug/manifest-merger-blame-debug-report.txt
1<?xml version="1.0" encoding="utf-8"?>
2<manifest xmlns:android="http://schemas.android.com/apk/res/android"
3    package="org.tensorflow.lite.examples.transfer"
4    android:versionCode="1"
5    android:versionName="1.0" >
6
7    <uses-sdk
8        android:minSdkVersion="26"
8-->src\main\AndroidManifest.xml
9        android:targetSdkVersion="29" />
9-->src\main\AndroidManifest.xml
10
11    <uses-feature
11-->src\main\AndroidManifest.xml:6:3-96
12        android:name="android.hardware.sensor.accelerometer"
12-->src\main\AndroidManifest.xml:6:17-69
13        android:required="true" />
13-->src\main\AndroidManifest.xml:6:70-93
14    <uses-feature
14-->src\main\AndroidManifest.xml:7:3-92
15        android:name="android.hardware.sensor.gyroscope"
15-->src\main\AndroidManifest.xml:7:17-65
16        android:required="true" />
16-->src\main\AndroidManifest.xml:7:66-89
17
18    <uses-permission android:name="android.permission.VIBRATE" />
18-->src\main\AndroidManifest.xml:8:3-63
18-->src\main\AndroidManifest.xml:8:20-61
19    <uses-permission android:name="android.permission.WRITE_EXTERNAL_STORAGE" />
19-->src\main\AndroidManifest.xml:9:3-78
19-->src\main\AndroidManifest.xml:9:20-76
20
21    <application
21-->src\main\AndroidManifest.xml:11:3-27:17
22        android:allowBackup="true"
22-->src\main\AndroidManifest.xml:12:7-33
23        android:appComponentFactory="androidx.core.app.CoreComponentFactory"
23-->[androidx.core:core:1.1.0] AndroidManifest.xml:24:18-86
24        android:configChanges="orientation"
24-->src\main\AndroidManifest.xml:13:7-42
25        android:debuggable="true"
26        android:extractNativeLibs="false"
27        android:icon="@drawable/ic_launcher"
27-->src\main\AndroidManifest.xml:14:7-43
28        android:label="@string/app_name"
28-->src\main\AndroidManifest.xml:15:7-39
29        android:testOnly="true"
30        android:theme="@style/AppTheme" >
30-->src\main\AndroidManifest.xml:16:7-38
31        <activity
31-->src\main\AndroidManifest.xml:17:5-26:16
32            android:name="org.tensorflow.lite.examples.transfer.MainActivity"
32-->src\main\AndroidManifest.xml:18:9-74
33            android:exported="true"
33-->src\main\AndroidManifest.xml:20:9-32
34            android:screenOrientation="portrait" >
34-->src\main\AndroidManifest.xml:19:9-45
35            <intent-filter>
35-->src\main\AndroidManifest.xml:22:7-25:23
36                <action android:name="android.intent.action.MAIN" />
36-->src\main\AndroidManifest.xml:23:9-60
36-->src\main\AndroidManifest.xml:23:17-58
37
38                <category android:name="android.intent.category.LAUNCHER" />
38-->src\main\AndroidManifest.xml:24:9-68
38-->src\main\AndroidManifest.xml:24:19-66
39            </intent-filter>
40        </activity>
41        <activity
41-->[pub.devrel:easypermissions:2.0.1] AndroidManifest.xml:12:9-16:66
42            android:name="pub.devrel.easypermissions.AppSettingsDialogHolderActivity"
42-->[pub.devrel:easypermissions:2.0.1] AndroidManifest.xml:13:13-86
43            android:exported="false"
43-->[pub.devrel:easypermissions:2.0.1] AndroidManifest.xml:14:13-37
44            android:label=""
44-->[pub.devrel:easypermissions:2.0.1] AndroidManifest.xml:15:13-29
45            android:theme="@style/EasyPermissions.Transparent" />
45-->[pub.devrel:easypermissions:2.0.1] AndroidManifest.xml:16:13-63
46
47        <provider
47-->[androidx.lifecycle:lifecycle-process:2.1.0-rc01] AndroidManifest.xml:23:9-27:43
48            android:name="androidx.lifecycle.ProcessLifecycleOwnerInitializer"
48-->[androidx.lifecycle:lifecycle-process:2.1.0-rc01] AndroidManifest.xml:24:13-79
49            android:authorities="org.tensorflow.lite.examples.transfer.lifecycle-process"
49-->[androidx.lifecycle:lifecycle-process:2.1.0-rc01] AndroidManifest.xml:25:13-69
50            android:exported="false"
50-->[androidx.lifecycle:lifecycle-process:2.1.0-rc01] AndroidManifest.xml:26:13-37
51            android:multiprocess="true" />
51-->[androidx.lifecycle:lifecycle-process:2.1.0-rc01] AndroidManifest.xml:27:13-40
52    </application>
53
54</manifest>